<?xml version="1.0" encoding="UTF-8"?>
<!-- Generated by org.testng.reporters.JUnitReportReporter -->
<testsuite skipped="0" hostname="DESKTOP-BA8VD7F" name="Tests.HomeTest" tests="1" failures="0" timestamp="22 Feb 2020 15:59:20 GMT" time="5.505" errors="0">
  <testcase name="NinjaStore" time="5.505" classname="Tests.HomeTest"/>
</testsuite> <!-- Tests.HomeTest -->
